<?xml version="1.0" encoding="UTF-8"?>
<testng-results skipped="0" failed="0" total="1" passed="1">
  <reporter-output>
  </reporter-output>
  <suite name="Default suite" duration-ms="2271" started-at="2019-05-13T14:10:34Z" finished-at="2019-05-13T14:10:36Z">
    <groups>
    </groups>
    <test name="Default test" duration-ms="2271" started-at="2019-05-13T14:10:34Z" finished-at="2019-05-13T14:10:36Z">
      <class name="RestAssuredGet.GetTest">
        <test-method status="PASS" signature="getTestDemo()[pri:0, instance:RestAssuredGet.GetTest@18ad742]" name="getTestDemo" duration-ms="2237" started-at="2019-05-13T19:40:34Z" finished-at="2019-05-13T19:40:36Z">
          <reporter-output>
          </reporter-output>
        </test-method> <!-- getTestDemo -->
      </class> <!-- RestAssuredGet.GetTest -->
    </test> <!-- Default test -->
  </suite> <!-- Default suite -->
</testng-results>
